Obtaining file:///home/jn492/jn492
  Installing build dependencies: started
  Installing build dependencies: finished with status 'done'
  Checking if build backend supports build_editable: started
  Checking if build backend supports build_editable: finished with status 'done'
  Getting requirements to build editable: started
  Getting requirements to build editable: finished with status 'done'
  Preparing editable metadata (pyproject.toml): started
  Preparing editable metadata (pyproject.toml): finished with status 'done'
Requirement already satisfied: opencv-python in ./delphienv/lib64/python3.11/site-packages (from DELPHI==0.1.0) (4.11.0.86)
Requirement already satisfied: numpy in ./delphienv/lib64/python3.11/site-packages (from DELPHI==0.1.0) (2.3.0)
Building wheels for collected packages: DELPHI
  Building editable for DELPHI (pyproject.toml): started
  Building editable for DELPHI (pyproject.toml): finished with status 'done'
  Created wheel for DELPHI: filename=delphi-0.1.0-0.editable-py3-none-any.whl size=2976 sha256=cf8029f541e24f14b360a8629b08f718683ed752edf81d4281e73832a00bb124
  Stored in directory: /tmp/pip-ephem-wheel-cache-lbys54ps/wheels/f5/7c/28/fa37e5f97a8c66c553cf39d179f2f5e40f34db2832c2b100f0
Successfully built DELPHI
Installing collected packages: DELPHI
  Attempting uninstall: DELPHI
    Found existing installation: DELPHI 0.1.0
    Uninstalling DELPHI-0.1.0:
      Successfully uninstalled DELPHI-0.1.0
Successfully installed DELPHI-0.1.0

[notice] A new release of pip available: 22.3.1 -> 25.1.1
[notice] To update, run: pip install --upgrade pip
Duplicated annotations: []
Found 39 images
Found 99 annotations
Matched pairs: 39
Unmatched images: []
Unmatched annotations: ['0001', '0002', '0003', '0010', '0011', '0020', '0021', '0024', '0026', '0027', '0044', '0052', '0055', '0078', '0081', '0104', '0112', '0121', '0127', '0128', '0133', '0138', '0144', '0154', '0156', '0167', '0172', '0187', '0190', '0196', '0204', '0225', '0232', '0253', '0261', '0268', '0302', '0336', '0358', '0361', '0363', '0383', '0420', '0456', '0480', '0514', '0531', '0584', '0591', '0592', '0602', '0607', '0609', '0662', '0697', '0717', '0790', '0804', '0834', '0857']
Matched 39 pairs → 27 train, 0 validation, 12 test.
Traceback (most recent call last):
  File "/home/jn492/jn492/scripts/csd3_hard_crossval.py", line 37, in <module>
    for fold, (train_idx, test_idx) in enumerate(kf.split(selected_pairs)):
  File "/home/jn492/jn492/delphienv/lib64/python3.11/site-packages/sklearn/model_selection/_split.py", line 404, in split
    raise ValueError(
ValueError: Cannot have number of splits n_splits=5 greater than the number of samples: n_samples=1.
