Obtaining file:///home/jn492/jn492
  Installing build dependencies: started
  Installing build dependencies: finished with status 'done'
  Checking if build backend supports build_editable: started
  Checking if build backend supports build_editable: finished with status 'done'
  Getting requirements to build editable: started
  Getting requirements to build editable: finished with status 'done'
  Preparing editable metadata (pyproject.toml): started
  Preparing editable metadata (pyproject.toml): finished with status 'done'
Requirement already satisfied: opencv-python in ./delphienv/lib64/python3.11/site-packages (from DELPHI==0.1.0) (4.11.0.86)
Requirement already satisfied: numpy in ./delphienv/lib64/python3.11/site-packages (from DELPHI==0.1.0) (2.3.0)
Building wheels for collected packages: DELPHI
  Building editable for DELPHI (pyproject.toml): started
  Building editable for DELPHI (pyproject.toml): finished with status 'done'
  Created wheel for DELPHI: filename=delphi-0.1.0-0.editable-py3-none-any.whl size=2976 sha256=245f7b12d572ba06179a35d140564adae1acedd0940cd37e574d827dfa630c84
  Stored in directory: /tmp/pip-ephem-wheel-cache-fib3qrpk/wheels/f5/7c/28/fa37e5f97a8c66c553cf39d179f2f5e40f34db2832c2b100f0
Successfully built DELPHI
Installing collected packages: DELPHI
  Attempting uninstall: DELPHI
    Found existing installation: DELPHI 0.1.0
    Uninstalling DELPHI-0.1.0:
      Successfully uninstalled DELPHI-0.1.0
Successfully installed DELPHI-0.1.0

[notice] A new release of pip available: 22.3.1 -> 25.1.1
[notice] To update, run: pip install --upgrade pip
Duplicated annotations: []
Found 60 images
Found 99 annotations
Matched pairs: 60
Unmatched images: []
Unmatched annotations: ['0148', '0178', '0188', '0231', '0246', '0266', '0282', '0310', '0315', '0333', '0381', '0455', '0458', '0459', '0470', '0494', '0555', '0590', '0700', '0734', '0738', '0816', '0828', '0853', '0859', '0926', '0942', '0956', '1011', '1023', '1106', '1124', '1134', '1139', '1185', '1195', '1208', '1220', '1224']
Matched 60 pairs → 36 train, 12 validation, 12 test.
The selected images for this train set are: ['0001', '0383', '0021', '0253', '0261', '0172', '0480', '0302', '0026', '0358', '0790', '0361', '0607', '0133', '0584', '0857', '0078', '0121', '0055', '0010', '0081', '0154', '0011', '0456', '0204', '0020', '0697', '0190', '0138', '0717', '0363', '0420', '0128', '0804', '0591', '0112']
Trying radius 1 for laser point color clustering
Trying radius 1 for background color clustering
Traceback (most recent call last):
  File "/home/jn492/jn492/scripts/radius_tuning_soft.py", line 34, in <module>
    combined_mask = trainer.spatial_learning(lpradius=lpcolor, plot = False)
                    ^^^^^^^^^^^^^^^^^^^^^^^^^^^^^^^^^^^^^^^^^^^^^^^^^^^^^^^^
  File "/home/jn492/jn492/DELPHI/LPdetection.py", line 379, in spatial_learning
    cv.circle(mask, (int(x_center), int(y_center)), lpradius, 255, -1)
cv2.error: OpenCV(4.11.0) :-1: error: (-5:Bad argument) in function 'circle'
> Overload resolution failed:
>  - Argument 'radius' is required to be an integer
>  - Argument 'radius' is required to be an integer

